-------------------------------------------------------------------------------
Test set: com.shortscale.service.UrlServiceIntegrationTest
-------------------------------------------------------------------------------
Tests run: 2, Failures: 1, Errors: 1, Skipped: 0, Time elapsed: 15.97 s <<< FAILURE! -- in com.shortscale.service.UrlServiceIntegrationTest
com.shortscale.service.UrlServiceIntegrationTest.shouldRetryOnShortenUrlFailure -- Time elapsed: 0.092 s <<< ERROR!
org.mockito.exceptions.base.MockitoException: 

Only void methods can doNothing()!
Example of correct use of doNothing():
    doNothing().
    doThrow(new RuntimeException())
    .when(mock).someVoidMethod();
Above means:
someVoidMethod() does nothing the 1st time but throws an exception the 2nd time is called
	at com.shortscale.repository.RedisUrlRepository.save(RedisUrlRepository.java:16)
	at com.shortscale.service.UrlServiceIntegrationTest.shouldRetryOnShortenUrlFailure(UrlServiceIntegrationTest.java:70)
	at java.base/java.lang.reflect.Method.invoke(Method.java:568)
	at java.base/java.util.ArrayList.forEach(ArrayList.java:1511)
	at java.base/java.util.ArrayList.forEach(ArrayList.java:1511)

com.shortscale.service.UrlServiceIntegrationTest.shouldTriggerCircuitBreakerAndFallback -- Time elapsed: 0.049 s <<< FAILURE!
org.opentest4j.AssertionFailedError: expected: <OPEN> but was: <CLOSED>
	at org.junit.jupiter.api.AssertionFailureBuilder.build(AssertionFailureBuilder.java:151)
	at org.junit.jupiter.api.AssertionFailureBuilder.buildAndThrow(AssertionFailureBuilder.java:132)
	at org.junit.jupiter.api.AssertEquals.failNotEqual(AssertEquals.java:197)
	at org.junit.jupiter.api.AssertEquals.assertEquals(AssertEquals.java:182)
	at org.junit.jupiter.api.AssertEquals.assertEquals(AssertEquals.java:177)
	at org.junit.jupiter.api.Assertions.assertEquals(Assertions.java:1145)
	at com.shortscale.service.UrlServiceIntegrationTest.shouldTriggerCircuitBreakerAndFallback(UrlServiceIntegrationTest.java:52)
	at java.base/java.lang.reflect.Method.invoke(Method.java:568)
	at java.base/java.util.ArrayList.forEach(ArrayList.java:1511)
	at java.base/java.util.ArrayList.forEach(ArrayList.java:1511)

