<?xml version="1.0" encoding="UTF-8"?>
<testsuite xmlns:xsi="http://www.w3.org/2001/XMLSchema-instance" xsi:noNamespaceSchemaLocation="https://maven.apache.org/surefire/maven-surefire-plugin/xsd/surefire-test-report-3.0.xsd" version="3.0" name="com.shortscale.repository.RedisUrlRepositoryTest" time="3.279" tests="2" errors="0" skipped="0" failures="0">
  <properties>
[...]
</properties>
  <testcase name="testSaveAndFind" classname="com.shortscale.repository.RedisUrlRepositoryTest" time="1.396">
    <system-out><![CDATA[2025-12-14T17:40:40.824+05:30  INFO 15648 --- [URL-Shortener] [           main] t.c.s.AnnotationConfigContextLoaderUtils : Could not detect default configuration classes for test class [com.shortscale.repository.RedisUrlRepositoryTest]: RedisUrlRepositoryTest does not declare any static, non-private, non-final, nested classes annotated with @Configuration.
2025-12-14T17:40:40.847+05:30  INFO 15648 --- [URL-Shortener] [           main] .b.t.c.SpringBootTestContextBootstrapper : Found @SpringBootConfiguration com.shortscale.Application for test class com.shortscale.repository.RedisUrlRepositoryTest
2025-12-14T17:40:41.041+05:30  INFO 15648 --- [URL-Shortener] [ntainer#0-0-C-1] org.apache.kafka.clients.NetworkClient   : [Consumer clientId=consumer-url-shortener-analytics-1, groupId=url-shortener-analytics] Node -1 disconnected.
2025-12-14T17:40:41.042+05:30  WARN 15648 --- [URL-Shortener] [ntainer#0-0-C-1] org.apache.kafka.clients.NetworkClient   : [Consumer clientId=consumer-url-shortener-analytics-1, groupId=url-shortener-analytics] Connection to node -1 (localhost/127.0.0.1:9092) could not be established. Node may not be available.
2025-12-14T17:40:41.042+05:30  WARN 15648 --- [URL-Shortener] [ntainer#0-0-C-1] org.apache.kafka.clients.NetworkClient   : [Consumer clientId=consumer-url-shortener-analytics-1, groupId=url-shortener-analytics] Bootstrap broker localhost:9092 (id: -1 rack: null) disconnected

  .   ____          _            __ _ _
 /\\ / ___'_ __ _ _(_)_ __  __ _ \ \ \ \
( ( )\___ | '_ | '_| | '_ \/ _` | \ \ \ \
 \\/  ___)| |_)| | | | | || (_| |  ) ) ) )
  '  |____| .__|_| |_|_| |_\__, | / / / /
 =========|_|==============|___/=/_/_/_/

 :: Spring Boot ::                (v3.3.5)

2025-12-14T17:40:41.435+05:30  INFO 15648 --- [URL-Shortener] [           main] c.s.repository.RedisUrlRepositoryTest    : Starting RedisUrlRepositoryTest using Java 17.0.12 with PID 15648 (started by spuni in C:\Workspace\URL-Shortener)
2025-12-14T17:40:41.436+05:30  INFO 15648 --- [URL-Shortener] [           main] c.s.repository.RedisUrlRepositoryTest    : No active profile set, falling back to 1 default profile: "default"
2025-12-14T17:40:41.854+05:30  INFO 15648 --- [URL-Shortener] [           main] .s.d.r.c.RepositoryConfigurationDelegate : Multiple Spring Data modules found, entering strict repository configuration mode
2025-12-14T17:40:41.856+05:30  INFO 15648 --- [URL-Shortener] [           main] .s.d.r.c.RepositoryConfigurationDelegate : Bootstrapping Spring Data Redis repositories in DEFAULT mode.
2025-12-14T17:40:41.865+05:30  INFO 15648 --- [URL-Shortener] [           main] .s.d.r.c.RepositoryConfigurationDelegate : Finished Spring Data repository scanning in 8 ms. Found 0 Redis repository interfaces.
2025-12-14T17:40:42.048+05:30  INFO 15648 --- [URL-Shortener] [ntainer#0-0-C-1] org.apache.kafka.clients.NetworkClient   : [Consumer clientId=consumer-url-shortener-analytics-1, groupId=url-shortener-analytics] Node -1 disconnected.
2025-12-14T17:40:42.048+05:30  WARN 15648 --- [URL-Shortener] [ntainer#0-0-C-1] org.apache.kafka.clients.NetworkClient   : [Consumer clientId=consumer-url-shortener-analytics-1, groupId=url-shortener-analytics] Connection to node -1 (localhost/127.0.0.1:9092) could not be established. Node may not be available.
2025-12-14T17:40:42.049+05:30  WARN 15648 --- [URL-Shortener] [ntainer#0-0-C-1] org.apache.kafka.clients.NetworkClient   : [Consumer clientId=consumer-url-shortener-analytics-1, groupId=url-shortener-analytics] Bootstrap broker localhost:9092 (id: -1 rack: null) disconnected
2025-12-14T17:40:42.578+05:30  INFO 15648 --- [URL-Shortener] [           main] o.s.b.a.e.web.EndpointLinksResolver      : Exposing 1 endpoint beneath base path '/actuator'
2025-12-14T17:40:42.608+05:30  INFO 15648 --- [URL-Shortener] [           main] o.a.k.clients.consumer.ConsumerConfig    : ConsumerConfig values: 
	allow.auto.create.topics = true
	auto.commit.interval.ms = 5000
	auto.include.jmx.reporter = true
	auto.offset.reset = latest
	bootstrap.servers = [localhost:9092]
	check.crcs = true
	client.dns.lookup = use_all_dns_ips
	client.id = consumer-url-shortener-analytics-2
	client.rack = 
	connections.max.idle.ms = 540000
	default.api.timeout.ms = 60000
	enable.auto.commit = false
	enable.metrics.push = true
	exclude.internal.topics = true
	fetch.max.bytes = 52428800
	fetch.max.wait.ms = 500
	fetch.min.bytes = 1
	group.id = url-shortener-analytics
	group.instance.id = null
	group.protocol = classic
	group.remote.assignor = null
	heartbeat.interval.ms = 3000
	interceptor.classes = []
	internal.leave.group.on.close = true
	internal.throw.on.fetch.stable.offset.unsupported = false
	isolation.level = read_uncommitted
	key.deserializer = class org.apache.kafka.common.serialization.StringDeserializer
	max.partition.fetch.bytes = 1048576
	max.poll.interval.ms = 300000
	max.poll.records = 500
	metadata.max.age.ms = 300000
	metric.reporters = []
	metrics.num.samples = 2
	metrics.recording.level = INFO
	metrics.sample.window.ms = 30000
	partition.assignment.strategy = [class org.apache.kafka.clients.consumer.RangeAssignor, class org.apache.kafka.clients.consumer.CooperativeStickyAssignor]
	receive.buffer.bytes = 65536
	reconnect.backoff.max.ms = 1000
	reconnect.backoff.ms = 50
	request.timeout.ms = 30000
	retry.backoff.max.ms = 1000
	retry.backoff.ms = 100
	sasl.client.callback.handler.class = null
	sasl.jaas.config = null
	sasl.kerberos.kinit.cmd = /usr/bin/kinit
	sasl.kerberos.min.time.before.relogin = 60000
	sasl.kerberos.service.name = null
	sasl.kerberos.ticket.renew.jitter = 0.05
	sasl.kerberos.ticket.renew.window.factor = 0.8
	sasl.login.callback.handler.class = null
	sasl.login.class = null
	sasl.login.connect.timeout.ms = null
	sasl.login.read.timeout.ms = null
	sasl.login.refresh.buffer.seconds = 300
	sasl.login.refresh.min.period.seconds = 60
	sasl.login.refresh.window.factor = 0.8
	sasl.login.refresh.window.jitter = 0.05
	sasl.login.retry.backoff.max.ms = 10000
	sasl.login.retry.backoff.ms = 100
	sasl.mechanism = GSSAPI
	sasl.oauthbearer.clock.skew.seconds = 30
	sasl.oauthbearer.expected.audience = null
	sasl.oauthbearer.expected.issuer = null
	sasl.oauthbearer.jwks.endpoint.refresh.ms = 3600000
	sasl.oauthbearer.jwks.endpoint.retry.backoff.max.ms = 10000
	sasl.oauthbearer.jwks.endpoint.retry.backoff.ms = 100
	sasl.oauthbearer.jwks.endpoint.url = null
	sasl.oauthbearer.scope.claim.name = scope
	sasl.oauthbearer.sub.claim.name = sub
	sasl.oauthbearer.token.endpoint.url = null
	security.protocol = PLAINTEXT
	security.providers = null
	send.buffer.bytes = 131072
	session.timeout.ms = 45000
	socket.connection.setup.timeout.max.ms = 30000
	socket.connection.setup.timeout.ms = 10000
	ssl.cipher.suites = null
	ssl.enabled.protocols = [TLSv1.2, TLSv1.3]
	ssl.endpoint.identification.algorithm = https
	ssl.engine.factory.class = null
	ssl.key.password = null
	ssl.keymanager.algorithm = SunX509
	ssl.keystore.certificate.chain = null
	ssl.keystore.key = null
	ssl.keystore.location = null
	ssl.keystore.password = null
	ssl.keystore.type = JKS
	ssl.protocol = TLSv1.3
	ssl.provider = null
	ssl.secure.random.implementation = null
	ssl.trustmanager.algorithm = PKIX
	ssl.truststore.certificates = null
	ssl.truststore.location = null
	ssl.truststore.password = null
	ssl.truststore.type = JKS
	value.deserializer = class org.springframework.kafka.support.serializer.JsonDeserializer

2025-12-14T17:40:42.609+05:30  INFO 15648 --- [URL-Shortener] [           main] o.a.k.c.t.i.KafkaMetricsCollector        : initializing Kafka metrics collector
2025-12-14T17:40:42.631+05:30  INFO 15648 --- [URL-Shortener] [           main] o.a.kafka.common.utils.AppInfoParser     : Kafka version: 3.7.1
2025-12-14T17:40:42.631+05:30  INFO 15648 --- [URL-Shortener] [           main] o.a.kafka.common.utils.AppInfoParser     : Kafka commitId: e2494e6ffb89f828
2025-12-14T17:40:42.631+05:30  INFO 15648 --- [URL-Shortener] [           main] o.a.kafka.common.utils.AppInfoParser     : Kafka startTimeMs: 1765714242631
2025-12-14T17:40:42.636+05:30  INFO 15648 --- [URL-Shortener] [           main] o.a.k.c.c.internals.LegacyKafkaConsumer  : [Consumer clientId=consumer-url-shortener-analytics-2, groupId=url-shortener-analytics] Subscribed to topic(s): url-analytics
2025-12-14T17:40:42.640+05:30  INFO 15648 --- [URL-Shortener] [           main] o.s.m.s.b.SimpleBrokerMessageHandler     : Starting...
2025-12-14T17:40:42.640+05:30  INFO 15648 --- [URL-Shortener] [           main] o.s.m.s.b.SimpleBrokerMessageHandler     : BrokerAvailabilityEvent[available=true, SimpleBrokerMessageHandler [org.springframework.messaging.simp.broker.DefaultSubscriptionRegistry@1fc5aaa5]]
2025-12-14T17:40:42.640+05:30  INFO 15648 --- [URL-Shortener] [           main] o.s.m.s.b.SimpleBrokerMessageHandler     : Started.
2025-12-14T17:40:42.644+05:30  INFO 15648 --- [URL-Shortener] [ntainer#0-0-C-1] org.apache.kafka.clients.NetworkClient   : [Consumer clientId=consumer-url-shortener-analytics-2, groupId=url-shortener-analytics] Node -1 disconnected.
2025-12-14T17:40:42.644+05:30  WARN 15648 --- [URL-Shortener] [ntainer#0-0-C-1] org.apache.kafka.clients.NetworkClient   : [Consumer clientId=consumer-url-shortener-analytics-2, groupId=url-shortener-analytics] Connection to node -1 (localhost/127.0.0.1:9092) could not be established. Node may not be available.
2025-12-14T17:40:42.644+05:30  WARN 15648 --- [URL-Shortener] [ntainer#0-0-C-1] org.apache.kafka.clients.NetworkClient   : [Consumer clientId=consumer-url-shortener-analytics-2, groupId=url-shortener-analytics] Bootstrap broker localhost:9092 (id: -1 rack: null) disconnected
2025-12-14T17:40:42.652+05:30  INFO 15648 --- [URL-Shortener] [           main] c.s.repository.RedisUrlRepositoryTest    : Started RedisUrlRepositoryTest in 1.263 seconds (process running for 15.84)
2025-12-14T17:40:42.768+05:30  INFO 15648 --- [URL-Shortener] [ntainer#0-0-C-1] org.apache.kafka.clients.NetworkClient   : [Consumer clientId=consumer-url-shortener-analytics-2, groupId=url-shortener-analytics] Node -1 disconnected.
2025-12-14T17:40:42.768+05:30  WARN 15648 --- [URL-Shortener] [ntainer#0-0-C-1] org.apache.kafka.clients.NetworkClient   : [Consumer clientId=consumer-url-shortener-analytics-2, groupId=url-shortener-analytics] Connection to node -1 (localhost/127.0.0.1:9092) could not be established. Node may not be available.
2025-12-14T17:40:42.769+05:30  WARN 15648 --- [URL-Shortener] [ntainer#0-0-C-1] org.apache.kafka.clients.NetworkClient   : [Consumer clientId=consumer-url-shortener-analytics-2, groupId=url-shortener-analytics] Bootstrap broker localhost:9092 (id: -1 rack: null) disconnected
2025-12-14T17:40:42.894+05:30  INFO 15648 --- [URL-Shortener] [ntainer#0-0-C-1] org.apache.kafka.clients.NetworkClient   : [Consumer clientId=consumer-url-shortener-analytics-2, groupId=url-shortener-analytics] Node -1 disconnected.
2025-12-14T17:40:42.894+05:30  WARN 15648 --- [URL-Shortener] [ntainer#0-0-C-1] org.apache.kafka.clients.NetworkClient   : [Consumer clientId=consumer-url-shortener-analytics-2, groupId=url-shortener-analytics] Connection to node -1 (localhost/127.0.0.1:9092) could not be established. Node may not be available.
2025-12-14T17:40:42.894+05:30  WARN 15648 --- [URL-Shortener] [ntainer#0-0-C-1] org.apache.kafka.clients.NetworkClient   : [Consumer clientId=consumer-url-shortener-analytics-2, groupId=url-shortener-analytics] Bootstrap broker localhost:9092 (id: -1 rack: null) disconnected
2025-12-14T17:40:42.925+05:30  INFO 15648 --- [URL-Shortener] [ntainer#0-0-C-1] org.apache.kafka.clients.NetworkClient   : [Consumer clientId=consumer-url-shortener-analytics-1, groupId=url-shortener-analytics] Node -1 disconnected.
2025-12-14T17:40:42.925+05:30  WARN 15648 --- [URL-Shortener] [ntainer#0-0-C-1] org.apache.kafka.clients.NetworkClient   : [Consumer clientId=consumer-url-shortener-analytics-1, groupId=url-shortener-analytics] Connection to node -1 (localhost/127.0.0.1:9092) could not be established. Node may not be available.
2025-12-14T17:40:42.925+05:30  WARN 15648 --- [URL-Shortener] [ntainer#0-0-C-1] org.apache.kafka.clients.NetworkClient   : [Consumer clientId=consumer-url-shortener-analytics-1, groupId=url-shortener-analytics] Bootstrap broker localhost:9092 (id: -1 rack: null) disconnected
2025-12-14T17:40:43.114+05:30  INFO 15648 --- [URL-Shortener] [ntainer#0-0-C-1] org.apache.kafka.clients.NetworkClient   : [Consumer clientId=consumer-url-shortener-analytics-2, groupId=url-shortener-analytics] Node -1 disconnected.
2025-12-14T17:40:43.114+05:30  WARN 15648 --- [URL-Shortener] [ntainer#0-0-C-1] org.apache.kafka.clients.NetworkClient   : [Consumer clientId=consumer-url-shortener-analytics-2, groupId=url-shortener-analytics] Connection to node -1 (localhost/127.0.0.1:9092) could not be established. Node may not be available.
2025-12-14T17:40:43.114+05:30  WARN 15648 --- [URL-Shortener] [ntainer#0-0-C-1] org.apache.kafka.clients.NetworkClient   : [Consumer clientId=consumer-url-shortener-analytics-2, groupId=url-shortener-analytics] Bootstrap broker localhost:9092 (id: -1 rack: null) disconnected
2025-12-14T17:40:43.633+05:30  INFO 15648 --- [URL-Shortener] [ntainer#0-0-C-1] org.apache.kafka.clients.NetworkClient   : [Consumer clientId=consumer-url-shortener-analytics-2, groupId=url-shortener-analytics] Node -1 disconnected.
2025-12-14T17:40:43.634+05:30  WARN 15648 --- [URL-Shortener] [ntainer#0-0-C-1] org.apache.kafka.clients.NetworkClient   : [Consumer clientId=consumer-url-shortener-analytics-2, groupId=url-shortener-analytics] Connection to node -1 (localhost/127.0.0.1:9092) could not be established. Node may not be available.
2025-12-14T17:40:43.634+05:30  WARN 15648 --- [URL-Shortener] [ntainer#0-0-C-1] org.apache.kafka.clients.NetworkClient   : [Consumer clientId=consumer-url-shortener-analytics-2, groupId=url-shortener-analytics] Bootstrap broker localhost:9092 (id: -1 rack: null) disconnected
2025-12-14T17:40:43.877+05:30  INFO 15648 --- [URL-Shortener] [ntainer#0-0-C-1] org.apache.kafka.clients.NetworkClient   : [Consumer clientId=consumer-url-shortener-analytics-1, groupId=url-shortener-analytics] Node -1 disconnected.
2025-12-14T17:40:43.877+05:30  WARN 15648 --- [URL-Shortener] [ntainer#0-0-C-1] org.apache.kafka.clients.NetworkClient   : [Consumer clientId=consumer-url-shortener-analytics-1, groupId=url-shortener-analytics] Connection to node -1 (localhost/127.0.0.1:9092) could not be established. Node may not be available.
2025-12-14T17:40:43.878+05:30  WARN 15648 --- [URL-Shortener] [ntainer#0-0-C-1] org.apache.kafka.clients.NetworkClient   : [Consumer clientId=consumer-url-shortener-analytics-1, groupId=url-shortener-analytics] Bootstrap broker localhost:9092 (id: -1 rack: null) disconnected
]]></system-out>
  </testcase>
  <testcase name="testExists" classname="com.shortscale.repository.RedisUrlRepositoryTest" time="0.028"/>
</testsuite>