<?xml version="1.0" encoding="UTF-8"?>
<testsuite xmlns:xsi="http://www.w3.org/2001/XMLSchema-instance" xsi:noNamespaceSchemaLocation="https://maven.apache.org/surefire/maven-surefire-plugin/xsd/surefire-test-report-3.0.xsd" version="3.0" name="com.shortscale.service.UrlServiceTest" time="1.997" tests="11" errors="0" skipped="0" failures="0">
  <properties>
[...]
</properties>
  <testcase name="testShortenUrlWithTtl" classname="com.shortscale.service.UrlServiceTest" time="0.031">
    <system-out><![CDATA[2025-12-14T17:40:44.108+05:30  INFO 15648 --- [URL-Shortener] [           main] t.c.s.AnnotationConfigContextLoaderUtils : Could not detect default configuration classes for test class [com.shortscale.service.UrlServiceTest]: UrlServiceTest does not declare any static, non-private, non-final, nested classes annotated with @Configuration.
2025-12-14T17:40:44.096+05:30  INFO 15648 --- [URL-Shortener] [ioEventLoop-6-1] i.lettuce.core.protocol.CommandHandler   : null Unexpected exception during request: java.net.SocketException: Connection reset

java.net.SocketException: Connection reset
	at java.base/sun.nio.ch.SocketChannelImpl.throwConnectionReset(SocketChannelImpl.java:394) ~[na:na]
	at java.base/sun.nio.ch.SocketChannelImpl.read(SocketChannelImpl.java:426) ~[na:na]
	at io.netty.buffer.PooledByteBuf.setBytes(PooledByteBuf.java:255) ~[netty-buffer-4.1.114.Final.jar:4.1.114.Final]
	at io.netty.buffer.AbstractByteBuf.writeBytes(AbstractByteBuf.java:1132) ~[netty-buffer-4.1.114.Final.jar:4.1.114.Final]
	at io.netty.channel.socket.nio.NioSocketChannel.doReadBytes(NioSocketChannel.java:356) ~[netty-transport-4.1.114.Final.jar:4.1.114.Final]
	at io.netty.channel.nio.AbstractNioByteChannel$NioByteUnsafe.read(AbstractNioByteChannel.java:151) ~[netty-transport-4.1.114.Final.jar:4.1.114.Final]
	at io.netty.channel.nio.NioEventLoop.processSelectedKey(NioEventLoop.java:788) ~[netty-transport-4.1.114.Final.jar:4.1.114.Final]
	at io.netty.channel.nio.NioEventLoop.processSelectedKeysOptimized(NioEventLoop.java:724) ~[netty-transport-4.1.114.Final.jar:4.1.114.Final]
	at io.netty.channel.nio.NioEventLoop.processSelectedKeys(NioEventLoop.java:650) ~[netty-transport-4.1.114.Final.jar:4.1.114.Final]
	at io.netty.channel.nio.NioEventLoop.run(NioEventLoop.java:562) ~[netty-transport-4.1.114.Final.jar:4.1.114.Final]
	at io.netty.util.concurrent.SingleThreadEventExecutor$4.run(SingleThreadEventExecutor.java:997) ~[netty-common-4.1.114.Final.jar:4.1.114.Final]
	at io.netty.util.internal.ThreadExecutorMap$2.run(ThreadExecutorMap.java:74) ~[netty-common-4.1.114.Final.jar:4.1.114.Final]
	at io.netty.util.concurrent.FastThreadLocalRunnable.run(FastThreadLocalRunnable.java:30) ~[netty-common-4.1.114.Final.jar:4.1.114.Final]
	at java.base/java.lang.Thread.run(Thread.java:842) ~[na:na]

2025-12-14T17:40:44.131+05:30  INFO 15648 --- [URL-Shortener] [           main] .b.t.c.SpringBootTestContextBootstrapper : Found @SpringBootConfiguration com.shortscale.Application for test class com.shortscale.service.UrlServiceTest

  .   ____          _            __ _ _
 /\\ / ___'_ __ _ _(_)_ __  __ _ \ \ \ \
( ( )\___ | '_ | '_| | '_ \/ _` | \ \ \ \
 \\/  ___)| |_)| | | | | || (_| |  ) ) ) )
  '  |____| .__|_| |_|_| |_\__, | / / / /
 =========|_|==============|___/=/_/_/_/

 :: Spring Boot ::                (v3.3.5)

2025-12-14T17:40:44.197+05:30  INFO 15648 --- [URL-Shortener] [           main] com.shortscale.service.UrlServiceTest    : Starting UrlServiceTest using Java 17.0.12 with PID 15648 (started by spuni in C:\Workspace\URL-Shortener)
2025-12-14T17:40:44.197+05:30  INFO 15648 --- [URL-Shortener] [           main] com.shortscale.service.UrlServiceTest    : No active profile set, falling back to 1 default profile: "default"
2025-12-14T17:40:44.226+05:30  INFO 15648 --- [URL-Shortener] [xecutorLoop-4-1] i.l.core.protocol.ConnectionWatchdog     : Reconnecting, last destination was localhost/127.0.0.1:6379
2025-12-14T17:40:44.244+05:30  WARN 15648 --- [URL-Shortener] [xecutorLoop-4-1] i.l.core.protocol.ConnectionWatchdog     : Cannot reconnect to [localhost/<unresolved>:6379]: Connection refused: no further information: localhost/127.0.0.1:6379
2025-12-14T17:40:44.370+05:30  INFO 15648 --- [URL-Shortener] [ntainer#0-0-C-1] org.apache.kafka.clients.NetworkClient   : [Consumer clientId=consumer-url-shortener-analytics-2, groupId=url-shortener-analytics] Node -1 disconnected.
2025-12-14T17:40:44.370+05:30  WARN 15648 --- [URL-Shortener] [ntainer#0-0-C-1] org.apache.kafka.clients.NetworkClient   : [Consumer clientId=consumer-url-shortener-analytics-2, groupId=url-shortener-analytics] Connection to node -1 (localhost/127.0.0.1:9092) could not be established. Node may not be available.
2025-12-14T17:40:44.370+05:30  WARN 15648 --- [URL-Shortener] [ntainer#0-0-C-1] org.apache.kafka.clients.NetworkClient   : [Consumer clientId=consumer-url-shortener-analytics-2, groupId=url-shortener-analytics] Bootstrap broker localhost:9092 (id: -1 rack: null) disconnected
2025-12-14T17:40:44.901+05:30  INFO 15648 --- [URL-Shortener] [ntainer#0-0-C-1] org.apache.kafka.clients.NetworkClient   : [Consumer clientId=consumer-url-shortener-analytics-1, groupId=url-shortener-analytics] Node -1 disconnected.
2025-12-14T17:40:44.901+05:30  WARN 15648 --- [URL-Shortener] [ntainer#0-0-C-1] org.apache.kafka.clients.NetworkClient   : [Consumer clientId=consumer-url-shortener-analytics-1, groupId=url-shortener-analytics] Connection to node -1 (localhost/127.0.0.1:9092) could not be established. Node may not be available.
2025-12-14T17:40:44.903+05:30  WARN 15648 --- [URL-Shortener] [ntainer#0-0-C-1] org.apache.kafka.clients.NetworkClient   : [Consumer clientId=consumer-url-shortener-analytics-1, groupId=url-shortener-analytics] Bootstrap broker localhost:9092 (id: -1 rack: null) disconnected
2025-12-14T17:40:45.387+05:30  INFO 15648 --- [URL-Shortener] [ntainer#0-0-C-1] org.apache.kafka.clients.NetworkClient   : [Consumer clientId=consumer-url-shortener-analytics-2, groupId=url-shortener-analytics] Node -1 disconnected.
2025-12-14T17:40:45.387+05:30  WARN 15648 --- [URL-Shortener] [ntainer#0-0-C-1] org.apache.kafka.clients.NetworkClient   : [Consumer clientId=consumer-url-shortener-analytics-2, groupId=url-shortener-analytics] Connection to node -1 (localhost/127.0.0.1:9092) could not be established. Node may not be available.
2025-12-14T17:40:45.387+05:30  WARN 15648 --- [URL-Shortener] [ntainer#0-0-C-1] org.apache.kafka.clients.NetworkClient   : [Consumer clientId=consumer-url-shortener-analytics-2, groupId=url-shortener-analytics] Bootstrap broker localhost:9092 (id: -1 rack: null) disconnected
2025-12-14T17:40:45.904+05:30  INFO 15648 --- [URL-Shortener] [           main] o.s.b.a.e.web.EndpointLinksResolver      : Exposing 1 endpoint beneath base path '/actuator'
2025-12-14T17:40:45.911+05:30  INFO 15648 --- [URL-Shortener] [ntainer#0-0-C-1] org.apache.kafka.clients.NetworkClient   : [Consumer clientId=consumer-url-shortener-analytics-1, groupId=url-shortener-analytics] Node -1 disconnected.
2025-12-14T17:40:45.912+05:30  WARN 15648 --- [URL-Shortener] [ntainer#0-0-C-1] org.apache.kafka.clients.NetworkClient   : [Consumer clientId=consumer-url-shortener-analytics-1, groupId=url-shortener-analytics] Connection to node -1 (localhost/127.0.0.1:9092) could not be established. Node may not be available.
2025-12-14T17:40:45.912+05:30  WARN 15648 --- [URL-Shortener] [ntainer#0-0-C-1] org.apache.kafka.clients.NetworkClient   : [Consumer clientId=consumer-url-shortener-analytics-1, groupId=url-shortener-analytics] Bootstrap broker localhost:9092 (id: -1 rack: null) disconnected
2025-12-14T17:40:45.938+05:30  INFO 15648 --- [URL-Shortener] [           main] o.s.m.s.b.SimpleBrokerMessageHandler     : Starting...
2025-12-14T17:40:45.938+05:30  INFO 15648 --- [URL-Shortener] [           main] o.s.m.s.b.SimpleBrokerMessageHandler     : BrokerAvailabilityEvent[available=true, SimpleBrokerMessageHandler [org.springframework.messaging.simp.broker.DefaultSubscriptionRegistry@1d9bd1a6]]
2025-12-14T17:40:45.938+05:30  INFO 15648 --- [URL-Shortener] [           main] o.s.m.s.b.SimpleBrokerMessageHandler     : Started.
2025-12-14T17:40:45.951+05:30  INFO 15648 --- [URL-Shortener] [           main] com.shortscale.service.UrlServiceTest    : Started UrlServiceTest in 1.797 seconds (process running for 19.14)
]]></system-out>
  </testcase>
  <testcase name="testGetOriginalUrlValid" classname="com.shortscale.service.UrlServiceTest" time="0.019"/>
  <testcase name="testShortenUrlWithoutCustomCode" classname="com.shortscale.service.UrlServiceTest" time="0.009"/>
  <testcase name="testGetOriginalUrlExpired" classname="com.shortscale.service.UrlServiceTest" time="0.008"/>
  <testcase name="testGetOriginalUrl" classname="com.shortscale.service.UrlServiceTest" time="0.005"/>
  <testcase name="testBulkShortenUrls" classname="com.shortscale.service.UrlServiceTest" time="0.009"/>
  <testcase name="testGetClickCountNotFound" classname="com.shortscale.service.UrlServiceTest" time="0.006"/>
  <testcase name="testGetClickCount" classname="com.shortscale.service.UrlServiceTest" time="0.008"/>
  <testcase name="testShortenUrl" classname="com.shortscale.service.UrlServiceTest" time="0.005"/>
  <testcase name="testShortenUrlCustomCodeExists" classname="com.shortscale.service.UrlServiceTest" time="0.009"/>
  <testcase name="testShortenUrlWithTtlZero" classname="com.shortscale.service.UrlServiceTest" time="0.011"/>
</testsuite>