<?xml version="1.0" encoding="UTF-8"?>
<testsuite xmlns:xsi="http://www.w3.org/2001/XMLSchema-instance" xsi:noNamespaceSchemaLocation="https://maven.apache.org/surefire/maven-surefire-plugin/xsd/surefire-test-report-3.0.xsd" version="3.0" name="com.shortscale.service.UrlServiceTest" time="9.329" tests="2" errors="0" skipped="0" failures="0">
  <properties>
[...]
</properties>
  <testcase name="testGetOriginalUrl" classname="com.shortscale.service.UrlServiceTest" time="0.133">
    <system-out><![CDATA[17:13:09.330 [main] INFO org.springframework.test.context.support.AnnotationConfigContextLoaderUtils -- Could not detect default configuration classes for test class [com.shortscale.service.UrlServiceTest]: UrlServiceTest does not declare any static, non-private, non-final, nested classes annotated with @Configuration.
17:13:09.676 [main] INFO org.springframework.boot.test.context.SpringBootTestContextBootstrapper -- Found @SpringBootConfiguration com.shortscale.Application for test class com.shortscale.service.UrlServiceTest

  .   ____          _            __ _ _
 /\\ / ___'_ __ _ _(_)_ __  __ _ \ \ \ \
( ( )\___ | '_ | '_| | '_ \/ _` | \ \ \ \
 \\/  ___)| |_)| | | | | || (_| |  ) ) ) )
  '  |____| .__|_| |_|_| |_\__, | / / / /
 =========|_|==============|___/=/_/_/_/

 :: Spring Boot ::                (v3.3.5)

2025-12-14T17:13:10.659+05:30  INFO 14508 --- [URL-Shortener] [           main] com.shortscale.service.UrlServiceTest    : Starting UrlServiceTest using Java 17.0.12 with PID 14508 (started by spuni in C:\Workspace\URL-Shortener)
2025-12-14T17:13:10.663+05:30  INFO 14508 --- [URL-Shortener] [           main] com.shortscale.service.UrlServiceTest    : No active profile set, falling back to 1 default profile: "default"
2025-12-14T17:13:17.590+05:30  INFO 14508 --- [URL-Shortener] [           main] o.s.b.a.e.web.EndpointLinksResolver      : Exposing 1 endpoint beneath base path '/actuator'
2025-12-14T17:13:17.780+05:30  INFO 14508 --- [URL-Shortener] [           main] o.s.m.s.b.SimpleBrokerMessageHandler     : Starting...
2025-12-14T17:13:17.783+05:30  INFO 14508 --- [URL-Shortener] [           main] o.s.m.s.b.SimpleBrokerMessageHandler     : BrokerAvailabilityEvent[available=true, SimpleBrokerMessageHandler [org.springframework.messaging.simp.broker.DefaultSubscriptionRegistry@771047b4]]
2025-12-14T17:13:17.785+05:30  INFO 14508 --- [URL-Shortener] [           main] o.s.m.s.b.SimpleBrokerMessageHandler     : Started.
2025-12-14T17:13:17.805+05:30  INFO 14508 --- [URL-Shortener] [           main] com.shortscale.service.UrlServiceTest    : Started UrlServiceTest in 7.76 seconds (process running for 10.23)
]]></system-out>
  </testcase>
  <testcase name="testShortenUrl" classname="com.shortscale.service.UrlServiceTest" time="0.038"/>
</testsuite>